\BOOKMARK [0][]{Inhaltsverzeichnis.0}{Inhaltsverzeichnis}{}
\BOOKMARK [0][]{chapter.1}{1 \334bersicht}{}
\BOOKMARK [1][-]{section.1.1}{1.1 Struktur und Kodierung von MP3}{chapter.1}
\BOOKMARK [2][-]{subsection.1.1.1}{1.1.1 MP3-Kodierung}{section.1.1}
\BOOKMARK [2][-]{subsection.1.1.2}{1.1.2 MP3-Dekodierung}{section.1.1}
\BOOKMARK [2][-]{subsection.1.1.3}{1.1.3 Bit-Reservoir}{section.1.1}
\BOOKMARK [1][-]{section.1.2}{1.2 MP3-Streaming}{chapter.1}
\BOOKMARK [2][-]{subsection.1.2.1}{1.2.1 Streaming}{section.1.2}
\BOOKMARK [3][-]{subsubsection.1.2.1.1}{1.2.1.1 Verfahren}{subsection.1.2.1}
\BOOKMARK [3][-]{subsubsection.1.2.1.2}{1.2.1.2 Verz\366gerungen}{subsection.1.2.1}
\BOOKMARK [3][-]{subsubsection.1.2.1.3}{1.2.1.3 Paketverluste}{subsection.1.2.1}
\BOOKMARK [0][]{chapter.2}{2 Streaming-Verfahren f\374r MP3-Daten}{}
\BOOKMARK [1][-]{section.2.1}{2.1 HTTP Streaming}{chapter.2}
\BOOKMARK [1][-]{section.2.2}{2.2 RTP Streaming}{chapter.2}
\BOOKMARK [2][-]{subsection.2.2.1}{2.2.1 \334bersicht: RTP}{section.2.2}
\BOOKMARK [2][-]{subsection.2.2.2}{2.2.2 RFC-2250 Streaming}{section.2.2}
\BOOKMARK [2][-]{subsection.2.2.3}{2.2.3 RFC-3119 Streaming}{section.2.2}
\BOOKMARK [2][-]{subsection.2.2.4}{2.2.4 Sicherheit von RTP Streaming}{section.2.2}
\BOOKMARK [1][-]{section.2.3}{2.3 Streaming mit Fehlerkorrektur}{chapter.2}
\BOOKMARK [0][]{chapter.3}{3 Verarbeitung von MP3-Daten}{}
\BOOKMARK [1][-]{section.3.1}{3.1 Einlesen von MP3-Frames}{chapter.3}
\BOOKMARK [2][-]{subsection.3.1.1}{3.1.1 Format eines MP3-Headers}{section.3.1}
\BOOKMARK [2][-]{subsection.3.1.2}{3.1.2 Transformierung nach ADUs}{section.3.1}
\BOOKMARK [2][-]{subsection.3.1.3}{3.1.3 Konvertierung von ADUs nach MP3-Frames}{section.3.1}
\BOOKMARK [0][]{chapter.4}{4 Vorw\344rtsfehlerkorrektur}{}
\BOOKMARK [1][-]{section.4.1}{4.1 Ein lineares, systematisches Verfahren}{chapter.4}
\BOOKMARK [2][-]{subsection.4.1.1}{4.1.1 Lineare, systematische Codes}{section.4.1}
\BOOKMARK [2][-]{subsection.4.1.2}{4.1.2 Galoisfeldarithmetik}{section.4.1}
\BOOKMARK [2][-]{subsection.4.1.3}{4.1.3 Erstellen der Generatormatrix G}{section.4.1}
\BOOKMARK [2][-]{subsection.4.1.4}{4.1.4 Kodieren von Quellpaketen}{section.4.1}
\BOOKMARK [2][-]{subsection.4.1.5}{4.1.5 Dekodieren von empfangenen Paketen}{section.4.1}
\BOOKMARK [1][-]{section.4.2}{4.2 Einsatz im Bereich MP3 Streaming}{chapter.4}
\BOOKMARK [2][-]{subsection.4.2.1}{4.2.1 Verarbeitung von ADUs verschiedener L\344nge}{section.4.2}
\BOOKMARK [2][-]{subsection.4.2.2}{4.2.2 Protokoll zum Versenden von FEC-kodierten ADUs}{section.4.2}
\BOOKMARK [0][]{chapter.5}{5 Implementierungs\374bersicht}{}
\BOOKMARK [1][-]{section.5.1}{5.1 Struktur der implementierten Software}{chapter.5}
\BOOKMARK [1][-]{section.5.2}{5.2 Implementierte Module}{chapter.5}
\BOOKMARK [2][-]{subsection.5.2.1}{5.2.1 Doppelt verkettete Listen}{section.5.2}
\BOOKMARK [2][-]{subsection.5.2.2}{5.2.2 Bitvektor}{section.5.2}
\BOOKMARK [2][-]{subsection.5.2.3}{5.2.3 Bigendian Packing}{section.5.2}
\BOOKMARK [2][-]{subsection.5.2.4}{5.2.4 Netzwerk Hilfefunktionen}{section.5.2}
\BOOKMARK [2][-]{subsection.5.2.5}{5.2.5 RTP Schicht}{section.5.2}
\BOOKMARK [2][-]{subsection.5.2.6}{5.2.6 MP3}{section.5.2}
\BOOKMARK [2][-]{subsection.5.2.7}{5.2.7 MP3 nach ADU Konvertierung}{section.5.2}
\BOOKMARK [2][-]{subsection.5.2.8}{5.2.8 Galois K\366rper Arithmetik}{section.5.2}
\BOOKMARK [2][-]{subsection.5.2.9}{5.2.9 Vandermondematrix Arithmetik}{section.5.2}
\BOOKMARK [2][-]{subsection.5.2.10}{5.2.10 Vorw\344rtsfehlerkorrektur \(FEC\)}{section.5.2}
\BOOKMARK [2][-]{subsection.5.2.11}{5.2.11 FEC Protokoll}{section.5.2}
\BOOKMARK [1][-]{section.5.3}{5.3 Implementierte Programme}{chapter.5}
\BOOKMARK [2][-]{subsection.5.3.1}{5.3.1 HTTP Streaming Server}{section.5.3}
\BOOKMARK [2][-]{subsection.5.3.2}{5.3.2 RFC-2250 Streaming Server}{section.5.3}
\BOOKMARK [2][-]{subsection.5.3.3}{5.3.3 RFC-2250 Streaming Client}{section.5.3}
\BOOKMARK [2][-]{subsection.5.3.4}{5.3.4 RFC-3119 Streaming Server}{section.5.3}
\BOOKMARK [2][-]{subsection.5.3.5}{5.3.5 RFC-3119 Streaming Client}{section.5.3}
\BOOKMARK [2][-]{subsection.5.3.6}{5.3.6 FEC Streaming Server}{section.5.3}
\BOOKMARK [2][-]{subsection.5.3.7}{5.3.7 FEC Streaming Client}{section.5.3}
\BOOKMARK [2][-]{subsection.5.3.8}{5.3.8 MP3-CUE Dateien Parser}{section.5.3}
\BOOKMARK [1][-]{section.5.4}{5.4 Implementierungsvorgang}{chapter.5}
\BOOKMARK [0][]{chapter.6}{6 Zusammenfassung}{}
\BOOKMARK [1][-]{section.6.1}{6.1 Schlussfolgerungen}{chapter.6}
\BOOKMARK [1][-]{section.6.2}{6.2 M\366gliche Erweiterungen}{chapter.6}
\BOOKMARK [0][]{section.6.2}{Literatur}{}
\BOOKMARK [0][]{appendix.A}{A Code}{}
\BOOKMARK [1][-]{section.A.1}{A.1 pack.h}{appendix.A}
\BOOKMARK [1][-]{section.A.2}{A.2 pack.c}{appendix.A}
\BOOKMARK [1][-]{section.A.3}{A.3 dlist.h}{appendix.A}
\BOOKMARK [1][-]{section.A.4}{A.4 dlist.c}{appendix.A}
\BOOKMARK [1][-]{section.A.5}{A.5 network.h}{appendix.A}
\BOOKMARK [1][-]{section.A.6}{A.6 network.c}{appendix.A}
\BOOKMARK [1][-]{section.A.7}{A.7 bv.h}{appendix.A}
\BOOKMARK [1][-]{section.A.8}{A.8 bv.c}{appendix.A}
\BOOKMARK [2][-]{subsection.A.8.1}{A.8.1 Bit vector implementation}{section.A.8}
\BOOKMARK [1][-]{section.A.9}{A.9 mp3.h}{appendix.A}
\BOOKMARK [1][-]{section.A.10}{A.10 mp3.c}{appendix.A}
\BOOKMARK [1][-]{section.A.11}{A.11 mp3-read.c}{appendix.A}
\BOOKMARK [1][-]{section.A.12}{A.12 mp3-write.c}{appendix.A}
\BOOKMARK [1][-]{section.A.13}{A.13 aq.h}{appendix.A}
\BOOKMARK [1][-]{section.A.14}{A.14 aq.c}{appendix.A}
\BOOKMARK [2][-]{subsection.A.14.1}{A.14.1 General ADU queue functions}{section.A.14}
\BOOKMARK [1][-]{section.A.15}{A.15 rtp.h}{appendix.A}
\BOOKMARK [1][-]{section.A.16}{A.16 rtp.c}{appendix.A}
\BOOKMARK [1][-]{section.A.17}{A.17 galois.h}{appendix.A}
\BOOKMARK [2][-]{subsection.A.17.1}{A.17.1 Galois field implementation}{section.A.17}
\BOOKMARK [3][-]{subsubsection.A.17.1.1}{A.17.1.1 Mathematical background}{subsection.A.17.1}
\BOOKMARK [3][-]{subsubsection.A.17.1.2}{A.17.1.2 Representation of GF\(p\) elements as polynomials}{subsection.A.17.1}
\BOOKMARK [2][-]{subsection.A.17.2}{A.17.2 Code}{section.A.17}
\BOOKMARK [1][-]{section.A.18}{A.18 galois.c}{appendix.A}
\BOOKMARK [1][-]{section.A.19}{A.19 matrix.h}{appendix.A}
\BOOKMARK [1][-]{section.A.20}{A.20 matrix.c}{appendix.A}
\BOOKMARK [1][-]{section.A.21}{A.21 fec.h}{appendix.A}
\BOOKMARK [1][-]{section.A.22}{A.22 fec.c}{appendix.A}
\BOOKMARK [1][-]{section.A.23}{A.23 fec-pkt.h}{appendix.A}
\BOOKMARK [1][-]{section.A.24}{A.24 fec-pkt.c}{appendix.A}
\BOOKMARK [1][-]{section.A.25}{A.25 fec-group.h}{appendix.A}
\BOOKMARK [1][-]{section.A.26}{A.26 fec-group.c}{appendix.A}
\BOOKMARK [1][-]{section.A.27}{A.27 rtp-rb.h}{appendix.A}
\BOOKMARK [1][-]{section.A.28}{A.28 rtp-rb.c}{appendix.A}
\BOOKMARK [1][-]{section.A.29}{A.29 fec-rb.h}{appendix.A}
\BOOKMARK [1][-]{section.A.30}{A.30 fec-rb.c}{appendix.A}
\BOOKMARK [1][-]{section.A.31}{A.31 poc-http.c}{appendix.A}
\BOOKMARK [1][-]{section.A.32}{A.32 poc-2250.c}{appendix.A}
\BOOKMARK [1][-]{section.A.33}{A.33 pob-2250.c}{appendix.A}
\BOOKMARK [1][-]{section.A.34}{A.34 pob-2250-rb.c}{appendix.A}
\BOOKMARK [1][-]{section.A.35}{A.35 poc-3119.c}{appendix.A}
\BOOKMARK [1][-]{section.A.36}{A.36 pob-3119.c}{appendix.A}
\BOOKMARK [1][-]{section.A.37}{A.37 pob-3119-rb.c}{appendix.A}
\BOOKMARK [1][-]{section.A.38}{A.38 poc-fec.c}{appendix.A}
\BOOKMARK [1][-]{section.A.39}{A.39 pob-fec.h}{appendix.A}
\BOOKMARK [1][-]{section.A.40}{A.40 pob-fec.c}{appendix.A}
